2018.02.27 12:13:48 LOG5[23131:140091899213632]: stunnel 4.53 on x86_64-pc-linux-gnu platform
2018.02.27 12:13:48 LOG5[23131:140091899213632]: Compiled with OpenSSL 1.0.1e 11 Feb 2013
2018.02.27 12:13:48 LOG5[23131:140091899213632]: Running  with OpenSSL 1.0.1f 6 Jan 2014
2018.02.27 12:13:48 LOG5[23131:140091899213632]: Update OpenSSL shared libraries or rebuild stunnel
2018.02.27 12:13:48 LOG5[23131:140091899213632]: Threading:PTHREAD SSL:+ENGINE+OCSP Auth:LIBWRAP Sockets:POLL+IPv6
2018.02.27 12:13:48 LOG5[23131:140091899213632]: Reading configuration from file stunnel/dev_https
2018.02.27 12:13:48 LOG4[23131:140091899213632]: Insecure file permissions on stunnel/stunnel.pem
2018.02.27 12:13:48 LOG5[23131:140091899213632]: Configuration successful
2018.02.27 13:40:17 LOG5[23354:140010629400384]: stunnel 4.53 on x86_64-pc-linux-gnu platform
2018.02.27 13:40:17 LOG5[23354:140010629400384]: Compiled with OpenSSL 1.0.1e 11 Feb 2013
2018.02.27 13:40:17 LOG5[23354:140010629400384]: Running  with OpenSSL 1.0.1f 6 Jan 2014
2018.02.27 13:40:17 LOG5[23354:140010629400384]: Update OpenSSL shared libraries or rebuild stunnel
2018.02.27 13:40:17 LOG5[23354:140010629400384]: Threading:PTHREAD SSL:+ENGINE+OCSP Auth:LIBWRAP Sockets:POLL+IPv6
2018.02.27 13:40:17 LOG5[23354:140010629400384]: Reading configuration from file stunnel/dev_https
2018.02.27 13:40:17 LOG4[23354:140010629400384]: Insecure file permissions on stunnel/stunnel.pem
2018.02.27 13:40:17 LOG5[23354:140010629400384]: Configuration successful
2018.02.27 13:43:04 LOG5[23412:140209173489472]: stunnel 4.53 on x86_64-pc-linux-gnu platform
2018.02.27 13:43:04 LOG5[23412:140209173489472]: Compiled with OpenSSL 1.0.1e 11 Feb 2013
2018.02.27 13:43:04 LOG5[23412:140209173489472]: Running  with OpenSSL 1.0.1f 6 Jan 2014
2018.02.27 13:43:04 LOG5[23412:140209173489472]: Update OpenSSL shared libraries or rebuild stunnel
2018.02.27 13:43:04 LOG5[23412:140209173489472]: Threading:PTHREAD SSL:+ENGINE+OCSP Auth:LIBWRAP Sockets:POLL+IPv6
2018.02.27 13:43:04 LOG5[23412:140209173489472]: Reading configuration from file stunnel/dev_https
2018.02.27 13:43:04 LOG4[23412:140209173489472]: Insecure file permissions on stunnel/stunnel.pem
2018.02.27 13:43:04 LOG5[23412:140209173489472]: Configuration successful
2018.02.27 13:45:11 LOG5[23463:139644942092096]: stunnel 4.53 on x86_64-pc-linux-gnu platform
2018.02.27 13:45:11 LOG5[23463:139644942092096]: Compiled with OpenSSL 1.0.1e 11 Feb 2013
2018.02.27 13:45:11 LOG5[23463:139644942092096]: Running  with OpenSSL 1.0.1f 6 Jan 2014
2018.02.27 13:45:11 LOG5[23463:139644942092096]: Update OpenSSL shared libraries or rebuild stunnel
2018.02.27 13:45:11 LOG5[23463:139644942092096]: Threading:PTHREAD SSL:+ENGINE+OCSP Auth:LIBWRAP Sockets:POLL+IPv6
2018.02.27 13:45:11 LOG5[23463:139644942092096]: Reading configuration from file stunnel/dev_https
2018.02.27 13:45:11 LOG4[23463:139644942092096]: Insecure file permissions on stunnel/stunnel.pem
2018.02.27 13:45:11 LOG5[23463:139644942092096]: Configuration successful
2018.02.27 14:57:54 LOG5[26713:139788321085248]: stunnel 4.53 on x86_64-pc-linux-gnu platform
2018.02.27 14:57:54 LOG5[26713:139788321085248]: Compiled with OpenSSL 1.0.1e 11 Feb 2013
2018.02.27 14:57:54 LOG5[26713:139788321085248]: Running  with OpenSSL 1.0.1f 6 Jan 2014
2018.02.27 14:57:54 LOG5[26713:139788321085248]: Update OpenSSL shared libraries or rebuild stunnel
2018.02.27 14:57:54 LOG5[26713:139788321085248]: Threading:PTHREAD SSL:+ENGINE+OCSP Auth:LIBWRAP Sockets:POLL+IPv6
2018.02.27 14:57:54 LOG5[26713:139788321085248]: Reading configuration from file stunnel/dev_https
2018.02.27 14:57:54 LOG4[26713:139788321085248]: Insecure file permissions on stunnel/stunnel.pem
2018.02.27 14:57:54 LOG5[26713:139788321085248]: Configuration successful
2018.02.27 15:02:58 LOG5[26852:140038820771648]: stunnel 4.53 on x86_64-pc-linux-gnu platform
2018.02.27 15:02:58 LOG5[26852:140038820771648]: Compiled with OpenSSL 1.0.1e 11 Feb 2013
2018.02.27 15:02:58 LOG5[26852:140038820771648]: Running  with OpenSSL 1.0.1f 6 Jan 2014
2018.02.27 15:02:58 LOG5[26852:140038820771648]: Update OpenSSL shared libraries or rebuild stunnel
2018.02.27 15:02:58 LOG5[26852:140038820771648]: Threading:PTHREAD SSL:+ENGINE+OCSP Auth:LIBWRAP Sockets:POLL+IPv6
2018.02.27 15:02:58 LOG5[26852:140038820771648]: Reading configuration from file stunnel/dev_https
2018.02.27 15:02:58 LOG4[26852:140038820771648]: Insecure file permissions on stunnel/stunnel.pem
2018.02.27 15:02:58 LOG5[26852:140038820771648]: Configuration successful
2018.02.27 15:05:59 LOG5[26898:139644573808448]: stunnel 4.53 on x86_64-pc-linux-gnu platform
2018.02.27 15:05:59 LOG5[26898:139644573808448]: Compiled with OpenSSL 1.0.1e 11 Feb 2013
2018.02.27 15:05:59 LOG5[26898:139644573808448]: Running  with OpenSSL 1.0.1f 6 Jan 2014
2018.02.27 15:05:59 LOG5[26898:139644573808448]: Update OpenSSL shared libraries or rebuild stunnel
2018.02.27 15:05:59 LOG5[26898:139644573808448]: Threading:PTHREAD SSL:+ENGINE+OCSP Auth:LIBWRAP Sockets:POLL+IPv6
2018.02.27 15:05:59 LOG5[26898:139644573808448]: Reading configuration from file stunnel/dev_https
2018.02.27 15:05:59 LOG4[26898:139644573808448]: Insecure file permissions on stunnel/stunnel.pem
2018.02.27 15:05:59 LOG5[26898:139644573808448]: Configuration successful
2018.02.27 15:08:38 LOG5[26967:140485637306176]: stunnel 4.53 on x86_64-pc-linux-gnu platform
2018.02.27 15:08:38 LOG5[26967:140485637306176]: Compiled with OpenSSL 1.0.1e 11 Feb 2013
2018.02.27 15:08:38 LOG5[26967:140485637306176]: Running  with OpenSSL 1.0.1f 6 Jan 2014
2018.02.27 15:08:38 LOG5[26967:140485637306176]: Update OpenSSL shared libraries or rebuild stunnel
2018.02.27 15:08:38 LOG5[26967:140485637306176]: Threading:PTHREAD SSL:+ENGINE+OCSP Auth:LIBWRAP Sockets:POLL+IPv6
2018.02.27 15:08:38 LOG5[26967:140485637306176]: Reading configuration from file stunnel/dev_https
2018.02.27 15:08:38 LOG4[26967:140485637306176]: Insecure file permissions on stunnel/stunnel.pem
2018.02.27 15:08:38 LOG5[26967:140485637306176]: Configuration successful
2018.03.01 13:15:14 LOG5[26967:140485637306176]: Terminated
